<?xml version="1.0" encoding="UTF-8"?>
<testng-results skipped="0" failed="0" ignored="0" total="2" passed="2">
  <reporter-output>
  </reporter-output>
  <suite name="Suite" duration-ms="42305" started-at="2020-08-18T14:33:24 IST" finished-at="2020-08-18T14:34:07 IST">
    <groups>
    </groups>
    <test name="FfTest" duration-ms="25640" started-at="2020-08-18T14:33:24 IST" finished-at="2020-08-18T14:33:50 IST">
      <class name="crossBr.VerifyTitle">
        <test-method status="PASS" signature="verifyPage(java.lang.String)[pri:0, instance:crossBr.VerifyTitle@71423665]" name="verifyPage" duration-ms="25561" started-at="2020-08-18T14:33:24 IST" finished-at="2020-08-18T14:33:50 IST">
          <params>
            <param index="0">
              <value>
                <![CDATA[Firefox]]>
              </value>
            </param>
          </params>
          <reporter-output>
          </reporter-output>
        </test-method> <!-- verifyPage -->
      </class> <!-- crossBr.VerifyTitle -->
    </test> <!-- FfTest -->
    <test name="crTest" duration-ms="16542" started-at="2020-08-18T14:33:50 IST" finished-at="2020-08-18T14:34:07 IST">
      <class name="crossBr.VerifyTitle">
        <test-method status="PASS" signature="verifyPage(java.lang.String)[pri:0, instance:crossBr.VerifyTitle@2b9627bc]" name="verifyPage" duration-ms="16532" started-at="2020-08-18T14:33:50 IST" finished-at="2020-08-18T14:34:07 IST">
          <params>
            <param index="0">
              <value>
                <![CDATA[ie]]>
              </value>
            </param>
          </params>
          <reporter-output>
          </reporter-output>
        </test-method> <!-- verifyPage -->
      </class> <!-- crossBr.VerifyTitle -->
    </test> <!-- crTest -->
  </suite> <!-- Suite -->
</testng-results>
