<?xml version="1.0" encoding="UTF-8"?>
<!-- Generated by org.testng.reporters.JUnitXMLReporter -->
<testsuite hostname="LAPTOP-EL4UOI4O" ignored="0" name="Test" tests="2" failures="1" timestamp="18 Aug 2020 15:13:18 GMT" time="9.505" errors="0">
  <testcase name="GoogleVerify" time="9.433" classname="ListenerPackage.FirstTestCase"/>
  <testcase name="titleMatch" time="0.02" classname="ListenerPackage.FirstTestCase">
    <failure type="java.lang.AssertionError" message="expected [true] but found [false]">
      <![CDATA[java.lang.AssertionError: expected [true] but found [false]
at ListenerPackage.FirstTestCase.titleMatch(FirstTestCase.java:26)
... Removed 29 stack frames]]>
    </failure>
  </testcase> <!-- titleMatch -->
</testsuite> <!-- Test -->
