<?xml version="1.0" encoding="UTF-8"?>
<testng-results skipped="0" failed="0" ignored="0" total="1" passed="1">
  <reporter-output>
  </reporter-output>
  <suite name="Default suite" duration-ms="19651" started-at="2020-08-18T11:00:31 IST" finished-at="2020-08-18T11:00:51 IST">
    <groups>
    </groups>
    <test name="Default test" duration-ms="19651" started-at="2020-08-18T11:00:31 IST" finished-at="2020-08-18T11:00:51 IST">
      <class name="dummy.MainClass">
        <test-method status="PASS" signature="VerifiedLogin()[pri:0, instance:dummy.MainClass@66480dd7]" name="VerifiedLogin" duration-ms="19579" started-at="2020-08-18T11:00:31 IST" finished-at="2020-08-18T11:00:51 IST">
          <reporter-output>
          </reporter-output>
        </test-method> <!-- VerifiedLogin -->
      </class> <!-- dummy.MainClass -->
    </test> <!-- Default test -->
  </suite> <!-- Default suite -->
</testng-results>
