<?xml version="1.0" encoding="UTF-8"?>
<testng-results skipped="0" failed="0" ignored="0" total="1" passed="1">
  <reporter-output>
  </reporter-output>
  <suite name="Default suite" duration-ms="34437" started-at="2021-02-21T10:40:09 IST" finished-at="2021-02-21T10:40:43 IST">
    <groups>
    </groups>
    <test name="Default test" duration-ms="34437" started-at="2021-02-21T10:40:09 IST" finished-at="2021-02-21T10:40:43 IST">
      <class name="com.mantisBT.testcases.VerifyMantisLogin">
        <test-method status="PASS" signature="verifyValidLogin()[pri:0, instance:com.mantisBT.testcases.VerifyMantisLogin@5ec0a365]" name="verifyValidLogin" duration-ms="34339" started-at="2021-02-21T10:40:09 IST" finished-at="2021-02-21T10:40:43 IST">
          <reporter-output>
          </reporter-output>
        </test-method> <!-- verifyValidLogin -->
      </class> <!-- com.mantisBT.testcases.VerifyMantisLogin -->
    </test> <!-- Default test -->
  </suite> <!-- Default suite -->
</testng-results>
